{
  "RSpec": {
    "coverage": {
      "C:/Users/mlbar/Downloads/Juan Camilo/api-tickets/TicketApp/app/helpers/api/v1/ticket_helper.rb": {
        "lines": [
          1,
          null
        ],
        "branches": {}
      },
      "C:/Users/mlbar/Downloads/Juan Camilo/api-tickets/TicketApp/app/helpers/application_helper.rb": {
        "lines": [
          1,
          null
        ],
        "branches": {}
      },
      "C:/Users/mlbar/Downloads/Juan Camilo/api-tickets/TicketApp/app/helpers/tickets_helper.rb": {
        "lines": [
          1,
          null
        ],
        "branches": {}
      },
      "C:/Users/mlbar/Downloads/Juan Camilo/api-tickets/TicketApp/app/controllers/tickets_controller.rb": {
        "lines": [
          null,
          1,
          null,
          1,
          1,
          null,
          1,
          3,
          3,
          2,
          2,
          null,
          null,
          null,
          1,
          null,
          null,
          null,
          null,
          null,
          null,
          null,
          1,
          null,
          null,
          null,
          null,
          null,
          1,
          2,
          2,
          null,
          null,
          1,
          1,
          1,
          null,
          1,
          1,
          null,
          1,
          null,
          0,
          null,
          0,
          null,
          0,
          null,
          0,
          null,
          0,
          null,
          0,
          null,
          0,
          null,
          null,
          0,
          null,
          null,
          null,
          null,
          1,
          0,
          0,
          0,
          null,
          0,
          null,
          0,
          0,
          null,
          0,
          null,
          null,
          null,
          null,
          null,
          0,
          null,
          null,
          null,
          null,
          null,
          1,
          2,
          null,
          2,
          null,
          null,
          2,
          2,
          null,
          2,
          2,
          null,
          null,
          null,
          null,
          null,
          null,
          null,
          null,
          0,
          null,
          null,
          0,
          null,
          null,
          1,
          0,
          0,
          null,
          null,
          0,
          0,
          0,
          null,
          null,
          0,
          null,
          null,
          0,
          null,
          null,
          0,
          null,
          0,
          0,
          null,
          null,
          0,
          null,
          0,
          null,
          null,
          0,
          0,
          0,
          0,
          0,
          null,
          null,
          null,
          null,
          0,
          null,
          null,
          null,
          null,
          null,
          null,
          0,
          null,
          null,
          1,
          3,
          2,
          null,
          1,
          null,
          null,
          1,
          3,
          3,
          null,
          null
        ],
        "branches": {
          "[:if, 0, 9, 4, 24, 7]": {
            "[:then, 1, 10, 6, 21, 20]": 2,
            "[:else, 2, 23, 6, 23, 68]": 1
          },
          "[:if, 3, 34, 6, 56, 9]": {
            "[:then, 4, 35, 8, 41, 40]": 1,
            "[:else, 5, 43, 8, 55, 76]": 0
          },
          "[:case, 6, 43, 24, 54, 11]": {
            "[:when, 7, 45, 26, 45, 85]": 0,
            "[:when, 8, 47, 26, 47, 85]": 0,
            "[:when, 9, 49, 26, 49, 71]": 0,
            "[:when, 10, 51, 26, 51, 75]": 0,
            "[:else, 11, 53, 26, 53, 49]": 0
          },
          "[:if, 12, 68, 4, 81, 7]": {
            "[:then, 13, 70, 6, 77, 9]": 0,
            "[:else, 14, 79, 6, 79, 82]": 0
          },
          "[:if, 15, 70, 6, 77, 9]": {
            "[:then, 16, 71, 8, 76, 22]": 0,
            "[:else, 17, 70, 6, 77, 9]": 0
          },
          "[:if, 18, 94, 4, 105, 7]": {
            "[:then, 19, 95, 6, 102, 20]": 2,
            "[:else, 20, 104, 6, 104, 61]": 0
          },
          "[:if, 21, 116, 4, 118, 7]": {
            "[:then, 22, 117, 6, 117, 74]": 0,
            "[:else, 23, 116, 4, 118, 7]": 0
          },
          "[:if, 24, 128, 4, 130, 7]": {
            "[:then, 25, 129, 6, 129, 142]": 0,
            "[:else, 26, 128, 4, 130, 7]": 0
          },
          "[:if, 27, 139, 6, 142, 9]": {
            "[:then, 28, 140, 8, 141, 75]": 0,
            "[:else, 29, 139, 6, 142, 9]": 0
          }
        }
      },
      "C:/Users/mlbar/Downloads/Juan Camilo/api-tickets/TicketApp/app/controllers/application_controller.rb": {
        "lines": [
          1,
          null,
          1,
          null
        ],
        "branches": {}
      },
      "C:/Users/mlbar/Downloads/Juan Camilo/api-tickets/TicketApp/db/seeds.rb": {
        "lines": [
          1,
          null,
          null,
          null,
          1,
          null,
          null,
          null,
          null,
          4,
          null,
          null,
          null,
          1,
          null,
          null,
          1,
          1000,
          1000,
          0,
          null,
          null,
          1000,
          null,
          null,
          null,
          null,
          null,
          null,
          null,
          null,
          1000,
          null,
          null,
          null,
          null,
          null,
          null,
          null,
          1
        ],
        "branches": {
          "[:while, 0, 19, 2, 21, 5]": {
            "[:body, 1, 20, 4, 20, 39]": 0
          }
        }
      },
      "C:/Users/mlbar/Downloads/Juan Camilo/api-tickets/TicketApp/app/models/status.rb": {
        "lines": [
          1,
          1,
          1,
          null,
          1,
          null,
          1,
          1,
          null,
          1,
          null,
          0,
          null,
          0,
          null,
          0,
          null,
          0,
          null,
          null,
          null
        ],
        "branches": {
          "[:case, 0, 8, 4, 19, 7]": {
            "[:when, 1, 10, 6, 10, 54]": 1,
            "[:when, 2, 12, 6, 12, 54]": 0,
            "[:when, 3, 14, 6, 14, 11]": 0,
            "[:when, 4, 16, 6, 16, 11]": 0,
            "[:else, 5, 18, 6, 18, 11]": 0
          }
        }
      },
      "C:/Users/mlbar/Downloads/Juan Camilo/api-tickets/TicketApp/app/models/application_record.rb": {
        "lines": [
          1,
          1,
          null
        ],
        "branches": {}
      },
      "C:/Users/mlbar/Downloads/Juan Camilo/api-tickets/TicketApp/app/models/ticket.rb": {
        "lines": [
          1,
          1,
          null,
          1,
          null,
          null,
          1,
          1,
          1,
          1,
          null,
          null,
          null,
          3,
          null,
          1,
          0,
          0,
          null,
          null,
          null,
          1,
          0,
          null,
          null,
          1,
          null,
          1,
          1034,
          1034,
          null,
          null,
          1,
          0,
          null,
          0,
          0,
          0,
          null,
          0,
          0,
          null,
          null
        ],
        "branches": {
          "[:if, 0, 29, 4, 29, 64]": {
            "[:then, 1, 29, 4, 29, 39]": 0,
            "[:else, 2, 29, 4, 29, 64]": 1034
          }
        }
      },
      "C:/Users/mlbar/Downloads/Juan Camilo/api-tickets/TicketApp/app/models/ticket_log.rb": {
        "lines": [
          1,
          1,
          1,
          null,
          1,
          null
        ],
        "branches": {}
      },
      "C:/Users/mlbar/Downloads/Juan Camilo/api-tickets/TicketApp/app/controllers/ticket_logs_controller.rb": {
        "lines": [
          1,
          1,
          1,
          null,
          null,
          null,
          null,
          null,
          null,
          null
        ],
        "branches": {}
      }
    },
    "timestamp": 1733142830
  }
}
