{
  "RSpec": {
    "coverage": {
      "/mnt/e/Riwi/api-tickets/app/helpers/api/v1/ticket_helper.rb": {
        "lines": [
          1,
          null
        ],
        "branches": {}
      },
      "/mnt/e/Riwi/api-tickets/app/helpers/application_helper.rb": {
        "lines": [
          1,
          null
        ],
        "branches": {}
      },
      "/mnt/e/Riwi/api-tickets/app/helpers/tickets_helper.rb": {
        "lines": [
          1,
          null
        ],
        "branches": {}
      },
      "/mnt/e/Riwi/api-tickets/db/seeds.rb": {
        "lines": [
          1,
          null,
          null,
          null,
          1,
          null,
          null,
          null,
          null,
          4,
          null,
          null,
          null,
          1,
          null,
          null,
          1,
          1000,
          1000,
          0,
          null,
          null,
          1000,
          null,
          null,
          null,
          null,
          null,
          null,
          null,
          null,
          1000,
          null,
          null,
          null,
          null,
          null,
          null,
          null,
          1
        ],
        "branches": {
          "[:while, 0, 19, 2, 21, 5]": {
            "[:body, 1, 20, 4, 20, 39]": 0
          }
        }
      },
      "/mnt/e/Riwi/api-tickets/app/models/status.rb": {
        "lines": [
          1,
          1,
          1,
          null,
          1,
          null,
          1,
          0,
          null,
          0,
          null,
          0,
          null,
          0,
          null,
          0,
          null,
          0,
          null,
          null,
          null
        ],
        "branches": {
          "[:case, 0, 8, 4, 19, 7]": {
            "[:when, 1, 10, 6, 10, 54]": 0,
            "[:when, 2, 12, 6, 12, 54]": 0,
            "[:when, 3, 14, 6, 14, 11]": 0,
            "[:when, 4, 16, 6, 16, 11]": 0,
            "[:else, 5, 18, 6, 18, 11]": 0
          }
        }
      },
      "/mnt/e/Riwi/api-tickets/app/models/application_record.rb": {
        "lines": [
          1,
          1,
          null
        ],
        "branches": {}
      },
      "/mnt/e/Riwi/api-tickets/app/models/ticket.rb": {
        "lines": [
          1,
          1,
          1,
          null,
          null,
          1,
          1,
          1,
          null,
          null,
          1,
          null,
          1,
          0,
          0,
          null,
          null,
          null,
          1,
          null,
          1,
          0,
          null,
          null,
          1,
          null,
          1,
          null,
          1,
          1003,
          1003,
          null,
          1,
          0,
          0,
          null,
          0,
          0,
          0,
          null,
          null
        ],
        "branches": {}
      },
      "/mnt/e/Riwi/api-tickets/app/models/ticket_log.rb": {
        "lines": [
          1,
          1,
          1,
          null,
          1,
          null
        ],
        "branches": {}
      },
      "/mnt/e/Riwi/api-tickets/app/controllers/tickets_controller.rb": {
        "lines": [
          null,
          1,
          null,
          1,
          1,
          null,
          1,
          3,
          3,
          2,
          2,
          null,
          null,
          null,
          1,
          null,
          null,
          null,
          null,
          null,
          null,
          null,
          1,
          null,
          null,
          null,
          null,
          null,
          1,
          0,
          0,
          null,
          null,
          0,
          0,
          0,
          null,
          0,
          0,
          null,
          0,
          null,
          0,
          null,
          null,
          0,
          null,
          null,
          null,
          null,
          1,
          0,
          0,
          0,
          null,
          0,
          null,
          0,
          0,
          null,
          0,
          null,
          null,
          null,
          null,
          null,
          0,
          null,
          null,
          null,
          null,
          null,
          1,
          0,
          null,
          0,
          null,
          null,
          0,
          0,
          null,
          0,
          0,
          null,
          null,
          null,
          null,
          null,
          null,
          null,
          null,
          0,
          null,
          null,
          0,
          null,
          null,
          1,
          0,
          0,
          null,
          0,
          0,
          0,
          null,
          null,
          0,
          0,
          null,
          0,
          0,
          0,
          null,
          null,
          0,
          0,
          0,
          null,
          null,
          null,
          0,
          0,
          null,
          0,
          0,
          null,
          null,
          null,
          0,
          null,
          null
        ],
        "branches": {
          "[:if, 0, 9, 4, 24, 7]": {
            "[:then, 1, 10, 6, 21, 20]": 2,
            "[:else, 2, 23, 6, 23, 68]": 1
          },
          "[:if, 3, 34, 6, 44, 9]": {
            "[:then, 4, 35, 8, 41, 40]": 0,
            "[:else, 5, 43, 8, 43, 86]": 0
          },
          "[:if, 6, 56, 4, 69, 7]": {
            "[:then, 7, 58, 6, 65, 9]": 0,
            "[:else, 8, 67, 6, 67, 82]": 0
          },
          "[:if, 9, 58, 6, 65, 9]": {
            "[:then, 10, 59, 8, 64, 22]": 0,
            "[:else, 11, 58, 6, 65, 9]": 0
          },
          "[:if, 12, 82, 4, 93, 7]": {
            "[:then, 13, 83, 6, 90, 20]": 0,
            "[:else, 14, 92, 6, 92, 61]": 0
          },
          "[:if, 15, 102, 4, 105, 7]": {
            "[:then, 16, 103, 6, 104, 12]": 0,
            "[:else, 17, 102, 4, 105, 7]": 0
          },
          "[:if, 18, 110, 4, 113, 7]": {
            "[:then, 19, 111, 6, 112, 12]": 0,
            "[:else, 20, 110, 4, 113, 7]": 0
          },
          "[:if, 21, 121, 6, 126, 9]": {
            "[:then, 22, 122, 8, 122, 33]": 0,
            "[:else, 23, 124, 8, 125, 14]": 0
          }
        }
      },
      "/mnt/e/Riwi/api-tickets/app/controllers/application_controller.rb": {
        "lines": [
          1,
          null,
          1,
          null
        ],
        "branches": {}
      }
    },
    "timestamp": 1732883895
  }
}
